nohup: ignoring input
begin
--------------------------------
Iter   0:
经验池长度:   1
训练样本长度:48384
Checkpoint Directory exists! 
EPOCH ::: 1
pi_loss: 3.9666
v_loss : 1.0323
EPOCH ::: 2
pi_loss: 3.6275
v_loss : 0.9874
EPOCH ::: 3
pi_loss: 3.1785
v_loss : 0.9300
EPOCH ::: 4
pi_loss: 2.8485
v_loss : 0.8052
EPOCH ::: 5
pi_loss: 2.6529
v_loss : 0.6878
EPOCH ::: 6
pi_loss: 2.5083
v_loss : 0.5695
EPOCH ::: 7
pi_loss: 2.3667
v_loss : 0.4719
EPOCH ::: 8
pi_loss: 2.2361
v_loss : 0.3864
EPOCH ::: 9
pi_loss: 2.0913
v_loss : 0.3222
EPOCH ::: 10
pi_loss: 1.9342
v_loss : 0.2743
开始与之前网络对抗。
保存新网络
Checkpoint Directory exists! 
Checkpoint Directory exists! 
对抗中新网络的胜场数目：32
对抗中新网络的胜率：0.800000
--------------------------------
--------------------------------
Iter   1:
经验池长度:   2
训练样本长度:96776
Checkpoint Directory exists! 
EPOCH ::: 1
pi_loss: 2.1782
v_loss : 0.5881
EPOCH ::: 2
pi_loss: 1.9883
v_loss : 0.4118
EPOCH ::: 3
pi_loss: 1.7933
v_loss : 0.3229
EPOCH ::: 4
pi_loss: 1.5865
v_loss : 0.2686
EPOCH ::: 5
pi_loss: 1.3733
v_loss : 0.2347
EPOCH ::: 6
pi_loss: 1.1776
v_loss : 0.2103
EPOCH ::: 7
pi_loss: 1.0357
v_loss : 0.1988
EPOCH ::: 8
pi_loss: 0.9313
v_loss : 0.1865
EPOCH ::: 9
pi_loss: 0.8508
v_loss : 0.1766
EPOCH ::: 10
pi_loss: 0.8024
v_loss : 0.1730
开始与之前网络对抗。
保存新网络
Checkpoint Directory exists! 
Checkpoint Directory exists! 
对抗中新网络的胜场数目：27
对抗中新网络的胜率：0.675000
--------------------------------
--------------------------------
Iter   2:
经验池长度:   3
训练样本长度:145176
Checkpoint Directory exists! 
EPOCH ::: 1
pi_loss: 1.4593
v_loss : 0.4274
EPOCH ::: 2
pi_loss: 1.1691
v_loss : 0.2764
EPOCH ::: 3
pi_loss: 0.9720
v_loss : 0.2275
EPOCH ::: 4
pi_loss: 0.8489
v_loss : 0.2032
EPOCH ::: 5
pi_loss: 0.7745
v_loss : 0.1899
EPOCH ::: 6
pi_loss: 0.7246
v_loss : 0.1799
EPOCH ::: 7
pi_loss: 0.6945
v_loss : 0.1751
EPOCH ::: 8
pi_loss: 0.6635
v_loss : 0.1709
EPOCH ::: 9
pi_loss: 0.6395
v_loss : 0.1629
EPOCH ::: 10
pi_loss: 0.6240
v_loss : 0.1618
开始与之前网络对抗。
保存新网络
Checkpoint Directory exists! 
Checkpoint Directory exists! 
对抗中新网络的胜场数目：27
对抗中新网络的胜率：0.675000
--------------------------------
--------------------------------
Iter   3:
经验池长度:   4
训练样本长度:193536
Checkpoint Directory exists! 
EPOCH ::: 1
pi_loss: 1.1824
v_loss : 0.3439
EPOCH ::: 2
pi_loss: 0.9096
v_loss : 0.2348
EPOCH ::: 3
pi_loss: 0.7559
v_loss : 0.2022
EPOCH ::: 4
pi_loss: 0.6820
v_loss : 0.1868
EPOCH ::: 5
pi_loss: 0.6398
v_loss : 0.1778
EPOCH ::: 6
pi_loss: 0.6107
v_loss : 0.1725
EPOCH ::: 7
pi_loss: 0.5915
v_loss : 0.1670
EPOCH ::: 8
pi_loss: 0.5737
v_loss : 0.1638
EPOCH ::: 9
pi_loss: 0.5615
v_loss : 0.1601
EPOCH ::: 10
pi_loss: 0.5455
v_loss : 0.1556
开始与之前网络对抗。
保存新网络
Checkpoint Directory exists! 
Checkpoint Directory exists! 
对抗中新网络的胜场数目：24
对抗中新网络的胜率：0.600000
--------------------------------
--------------------------------
Iter   4:
经验池长度:   5
训练样本长度:241944
Checkpoint Directory exists! 
EPOCH ::: 1
pi_loss: 1.0068
v_loss : 0.3118
EPOCH ::: 2
pi_loss: 0.7602
v_loss : 0.2205
EPOCH ::: 3
pi_loss: 0.6446
v_loss : 0.1942
EPOCH ::: 4
pi_loss: 0.5906
v_loss : 0.1823
EPOCH ::: 5
pi_loss: 0.5650
v_loss : 0.1729
EPOCH ::: 6
pi_loss: 0.5473
v_loss : 0.1701
EPOCH ::: 7
pi_loss: 0.5329
v_loss : 0.1646
EPOCH ::: 8
pi_loss: 0.5199
v_loss : 0.1616
EPOCH ::: 9
pi_loss: 0.5106
v_loss : 0.1594
EPOCH ::: 10
pi_loss: 0.4999
v_loss : 0.1570
开始与之前网络对抗。
保存新网络
Checkpoint Directory exists! 
Checkpoint Directory exists! 
对抗中新网络的胜场数目：27
对抗中新网络的胜率：0.675000
--------------------------------
--------------------------------
Iter   5:
经验池长度:   6
训练样本长度:290336
Checkpoint Directory exists! 
EPOCH ::: 1
pi_loss: 0.8920
v_loss : 0.2914
EPOCH ::: 2
pi_loss: 0.6737
v_loss : 0.2090
EPOCH ::: 3
pi_loss: 0.5734
v_loss : 0.1865
EPOCH ::: 4
pi_loss: 0.5340
v_loss : 0.1763
EPOCH ::: 5
pi_loss: 0.5171
v_loss : 0.1694
EPOCH ::: 6
pi_loss: 0.5007
v_loss : 0.1650
EPOCH ::: 7
pi_loss: 0.4926
v_loss : 0.1634
EPOCH ::: 8
pi_loss: 0.4837
v_loss : 0.1600
EPOCH ::: 9
pi_loss: 0.4754
v_loss : 0.1584
EPOCH ::: 10
pi_loss: 0.4667
v_loss : 0.1556
开始与之前网络对抗。
新网络胜场不足，不保存，回退到上一次参数
对抗中新网络的胜场数目：20
对抗中新网络的胜率：0.500000
--------------------------------
--------------------------------
Iter   6:
经验池长度:   7
训练样本长度:338680
Checkpoint Directory exists! 
EPOCH ::: 1
pi_loss: 1.1183
v_loss : 0.3677
EPOCH ::: 2
pi_loss: 0.8472
v_loss : 0.2503
EPOCH ::: 3
pi_loss: 0.6828
v_loss : 0.2114
EPOCH ::: 4
pi_loss: 0.6040
v_loss : 0.1956
EPOCH ::: 5
pi_loss: 0.5633
v_loss : 0.1867
EPOCH ::: 6
pi_loss: 0.5400
v_loss : 0.1812
EPOCH ::: 7
pi_loss: 0.5219
v_loss : 0.1754
EPOCH ::: 8
pi_loss: 0.5077
v_loss : 0.1721
EPOCH ::: 9
pi_loss: 0.4984
v_loss : 0.1712
EPOCH ::: 10
pi_loss: 0.4874
v_loss : 0.1665
开始与之前网络对抗。
新网络胜场不足，不保存，回退到上一次参数
对抗中新网络的胜场数目：19
对抗中新网络的胜率：0.475000
--------------------------------
--------------------------------
Iter   7:
经验池长度:   8
训练样本长度:387120
Checkpoint Directory exists! 
EPOCH ::: 1
pi_loss: 1.2746
v_loss : 0.4292
EPOCH ::: 2
pi_loss: 0.9840
v_loss : 0.2849
EPOCH ::: 3
pi_loss: 0.7819
v_loss : 0.2340
EPOCH ::: 4
pi_loss: 0.6704
v_loss : 0.2118
EPOCH ::: 5
pi_loss: 0.6109
v_loss : 0.1997
EPOCH ::: 6
pi_loss: 0.5754
v_loss : 0.1923
EPOCH ::: 7
pi_loss: 0.5507
v_loss : 0.1871
EPOCH ::: 8
pi_loss: 0.5318
v_loss : 0.1813
EPOCH ::: 9
pi_loss: 0.5177
v_loss : 0.1776
EPOCH ::: 10
pi_loss: 0.5053
v_loss : 0.1743
开始与之前网络对抗。
保存新网络
Checkpoint Directory exists! 
Checkpoint Directory exists! 
对抗中新网络的胜场数目：30
对抗中新网络的胜率：0.750000
--------------------------------
--------------------------------
Iter   8:
经验池长度:   9
训练样本长度:435560
Checkpoint Directory exists! 
EPOCH ::: 1
pi_loss: 0.7829
v_loss : 0.2571
EPOCH ::: 2
pi_loss: 0.6128
v_loss : 0.2078
EPOCH ::: 3
pi_loss: 0.5420
v_loss : 0.1919
EPOCH ::: 4
pi_loss: 0.5155
v_loss : 0.1827
EPOCH ::: 5
pi_loss: 0.4995
v_loss : 0.1789
EPOCH ::: 6
pi_loss: 0.4861
v_loss : 0.1748
EPOCH ::: 7
pi_loss: 0.4789
v_loss : 0.1718
EPOCH ::: 8
pi_loss: 0.4703
v_loss : 0.1693
EPOCH ::: 9
pi_loss: 0.4614
v_loss : 0.1675
EPOCH ::: 10
pi_loss: 0.4559
v_loss : 0.1654
开始与之前网络对抗。
新网络胜场不足，不保存，回退到上一次参数
对抗中新网络的胜场数目：21
对抗中新网络的胜率：0.525000
--------------------------------
--------------------------------
Iter   9:
经验池长度:  10
训练样本长度:483984
Checkpoint Directory exists! 
EPOCH ::: 1
pi_loss: 0.9706
v_loss : 0.3203
EPOCH ::: 2
pi_loss: 0.7406
v_loss : 0.2398
EPOCH ::: 3
pi_loss: 0.6210
v_loss : 0.2119
EPOCH ::: 4
pi_loss: 0.5655
v_loss : 0.2001
EPOCH ::: 5
pi_loss: 0.5368
v_loss : 0.1923
EPOCH ::: 6
pi_loss: 0.5202
v_loss : 0.1873
EPOCH ::: 7
pi_loss: 0.5051
v_loss : 0.1825
EPOCH ::: 8
pi_loss: 0.4948
v_loss : 0.1794
EPOCH ::: 9
pi_loss: 0.4835
v_loss : 0.1770
EPOCH ::: 10
pi_loss: 0.4732
v_loss : 0.1741
开始与之前网络对抗。
保存新网络
Checkpoint Directory exists! 
Checkpoint Directory exists! 
对抗中新网络的胜场数目：28
对抗中新网络的胜率：0.700000
--------------------------------
--------------------------------
Iter  10:
经验池长度:  11
训练样本长度:532504
Checkpoint Directory exists! 
EPOCH ::: 1
pi_loss: 0.7066
v_loss : 0.2365
EPOCH ::: 2
pi_loss: 0.5608
v_loss : 0.1971
EPOCH ::: 3
pi_loss: 0.5064
v_loss : 0.1844
EPOCH ::: 4
pi_loss: 0.4858
v_loss : 0.1784
EPOCH ::: 5
pi_loss: 0.4743
v_loss : 0.1740
EPOCH ::: 6
pi_loss: 0.4641
v_loss : 0.1719
EPOCH ::: 7
pi_loss: 0.4573
v_loss : 0.1691
EPOCH ::: 8
pi_loss: 0.4498
v_loss : 0.1674
EPOCH ::: 9
pi_loss: 0.4448
v_loss : 0.1655
EPOCH ::: 10
pi_loss: 0.4393
v_loss : 0.1638
开始与之前网络对抗。
新网络胜场不足，不保存，回退到上一次参数
对抗中新网络的胜场数目：19
对抗中新网络的胜率：0.475000
--------------------------------
--------------------------------
Iter  11:
经验池长度:  12
训练样本长度:580560
Checkpoint Directory exists! 
EPOCH ::: 1
pi_loss: 0.8718
v_loss : 0.2880
EPOCH ::: 2
pi_loss: 0.6659
v_loss : 0.2213
EPOCH ::: 3
pi_loss: 0.5656
v_loss : 0.1998
EPOCH ::: 4
pi_loss: 0.5241
v_loss : 0.1898
EPOCH ::: 5
pi_loss: 0.5042
v_loss : 0.1839
EPOCH ::: 6
pi_loss: 0.4892
v_loss : 0.1791
EPOCH ::: 7
pi_loss: 0.4794
v_loss : 0.1770
EPOCH ::: 8
pi_loss: 0.4694
v_loss : 0.1730
EPOCH ::: 9
pi_loss: 0.4617
v_loss : 0.1719
EPOCH ::: 10
pi_loss: 0.4549
v_loss : 0.1698
开始与之前网络对抗。
新网络胜场不足，不保存，回退到上一次参数
对抗中新网络的胜场数目：20
对抗中新网络的胜率：0.500000
--------------------------------
--------------------------------
Iter  12:
经验池长度:  13
训练样本长度:628984
Checkpoint Directory exists! 
EPOCH ::: 1
pi_loss: 1.0017
v_loss : 0.3340
EPOCH ::: 2
pi_loss: 0.7646
v_loss : 0.2437
EPOCH ::: 3
pi_loss: 0.6275
v_loss : 0.2147
EPOCH ::: 4
pi_loss: 0.5675
v_loss : 0.2011
EPOCH ::: 5
pi_loss: 0.5347
v_loss : 0.1944
EPOCH ::: 6
pi_loss: 0.5151
v_loss : 0.1886
EPOCH ::: 7
pi_loss: 0.4997
v_loss : 0.1842
EPOCH ::: 8
pi_loss: 0.4889
v_loss : 0.1812
EPOCH ::: 9
pi_loss: 0.4787
v_loss : 0.1779
EPOCH ::: 10
pi_loss: 0.4700
v_loss : 0.1758
开始与之前网络对抗。
保存新网络
Checkpoint Directory exists! 
Checkpoint Directory exists! 
对抗中新网络的胜场数目：24
对抗中新网络的胜率：0.600000
--------------------------------
--------------------------------
Iter  13:
经验池长度:  14
训练样本长度:677400
Checkpoint Directory exists! 
EPOCH ::: 1
pi_loss: 0.6571
v_loss : 0.2340
EPOCH ::: 2
pi_loss: 0.5342
v_loss : 0.1990
EPOCH ::: 3
pi_loss: 0.4911
v_loss : 0.1880
EPOCH ::: 4
pi_loss: 0.4748
v_loss : 0.1819
EPOCH ::: 5
pi_loss: 0.4638
v_loss : 0.1785
EPOCH ::: 6
pi_loss: 0.4566
v_loss : 0.1747
EPOCH ::: 7
pi_loss: 0.4495
v_loss : 0.1727
EPOCH ::: 8
pi_loss: 0.4444
v_loss : 0.1704
EPOCH ::: 9
pi_loss: 0.4369
v_loss : 0.1691
EPOCH ::: 10
pi_loss: 0.4330
v_loss : 0.1676
开始与之前网络对抗。
新网络胜场不足，不保存，回退到上一次参数
对抗中新网络的胜场数目：19
对抗中新网络的胜率：0.475000
--------------------------------
--------------------------------
Iter  14:
经验池长度:  15
训练样本长度:725816
Checkpoint Directory exists! 
EPOCH ::: 1
pi_loss: 0.7943
v_loss : 0.2854
EPOCH ::: 2
pi_loss: 0.6165
v_loss : 0.2247
EPOCH ::: 3
pi_loss: 0.5378
v_loss : 0.2040
EPOCH ::: 4
pi_loss: 0.5063
v_loss : 0.1936
EPOCH ::: 5
pi_loss: 0.4899
v_loss : 0.1886
EPOCH ::: 6
pi_loss: 0.4774
v_loss : 0.1838
EPOCH ::: 7
pi_loss: 0.4670
v_loss : 0.1805
EPOCH ::: 8
pi_loss: 0.4601
v_loss : 0.1778
EPOCH ::: 9
pi_loss: 0.4530
v_loss : 0.1756
EPOCH ::: 10
pi_loss: 0.4464
v_loss : 0.1736
开始与之前网络对抗。
新网络胜场不足，不保存，回退到上一次参数
对抗中新网络的胜场数目：21
对抗中新网络的胜率：0.525000
--------------------------------
--------------------------------
Iter  15:
经验池长度:  16
训练样本长度:774264
Checkpoint Directory exists! 
EPOCH ::: 1
pi_loss: 0.9066
v_loss : 0.3222
EPOCH ::: 2
pi_loss: 0.6960
v_loss : 0.2431
EPOCH ::: 3
pi_loss: 0.5881
v_loss : 0.2153
EPOCH ::: 4
pi_loss: 0.5397
v_loss : 0.2031
EPOCH ::: 5
pi_loss: 0.5154
v_loss : 0.1961
EPOCH ::: 6
pi_loss: 0.4980
v_loss : 0.1908
EPOCH ::: 7
pi_loss: 0.4870
v_loss : 0.1862
EPOCH ::: 8
pi_loss: 0.4761
v_loss : 0.1837
EPOCH ::: 9
pi_loss: 0.4675
v_loss : 0.1812
EPOCH ::: 10
pi_loss: 0.4598
v_loss : 0.1777
开始与之前网络对抗。
新网络胜场不足，不保存，回退到上一次参数
对抗中新网络的胜场数目：19
对抗中新网络的胜率：0.475000
--------------------------------
--------------------------------
Iter  16:
经验池长度:  17
训练样本长度:822656
Checkpoint Directory exists! 
EPOCH ::: 1
pi_loss: 0.9982
v_loss : 0.3577
EPOCH ::: 2
pi_loss: 0.7672
v_loss : 0.2637
EPOCH ::: 3
pi_loss: 0.6351
v_loss : 0.2302
EPOCH ::: 4
pi_loss: 0.5725
v_loss : 0.2141
EPOCH ::: 5
pi_loss: 0.5383
v_loss : 0.2050
EPOCH ::: 6
pi_loss: 0.5179
v_loss : 0.1989
EPOCH ::: 7
pi_loss: 0.5036
v_loss : 0.1951
EPOCH ::: 8
pi_loss: 0.4903
v_loss : 0.1909
EPOCH ::: 9
pi_loss: 0.4813
v_loss : 0.1873
EPOCH ::: 10
pi_loss: 0.4723
v_loss : 0.1847
开始与之前网络对抗。
保存新网络
Checkpoint Directory exists! 
Checkpoint Directory exists! 
对抗中新网络的胜场数目：28
对抗中新网络的胜率：0.700000
--------------------------------
--------------------------------
Iter  17:
经验池长度:  18
训练样本长度:871016
Checkpoint Directory exists! 
EPOCH ::: 1
pi_loss: 0.6189
v_loss : 0.2244
EPOCH ::: 2
pi_loss: 0.5168
v_loss : 0.2001
EPOCH ::: 3
pi_loss: 0.4851
v_loss : 0.1910
EPOCH ::: 4
pi_loss: 0.4696
v_loss : 0.1860
EPOCH ::: 5
pi_loss: 0.4605
v_loss : 0.1830
EPOCH ::: 6
pi_loss: 0.4531
v_loss : 0.1800
EPOCH ::: 7
pi_loss: 0.4478
v_loss : 0.1778
EPOCH ::: 8
pi_loss: 0.4417
v_loss : 0.1761
EPOCH ::: 9
pi_loss: 0.4364
v_loss : 0.1740
EPOCH ::: 10
pi_loss: 0.4315
v_loss : 0.1736
开始与之前网络对抗。
保存新网络
Checkpoint Directory exists! 
Checkpoint Directory exists! 
对抗中新网络的胜场数目：25
对抗中新网络的胜率：0.625000
--------------------------------
--------------------------------
Iter  18:
经验池长度:  19
训练样本长度:919512
Checkpoint Directory exists! 
EPOCH ::: 1
pi_loss: 0.5742
v_loss : 0.2148
EPOCH ::: 2
pi_loss: 0.4776
v_loss : 0.1920
EPOCH ::: 3
pi_loss: 0.4482
v_loss : 0.1838
EPOCH ::: 4
pi_loss: 0.4366
v_loss : 0.1791
EPOCH ::: 5
pi_loss: 0.4301
v_loss : 0.1755
EPOCH ::: 6
pi_loss: 0.4247
v_loss : 0.1740
EPOCH ::: 7
pi_loss: 0.4209
v_loss : 0.1724
EPOCH ::: 8
pi_loss: 0.4172
v_loss : 0.1701
EPOCH ::: 9
pi_loss: 0.4137
v_loss : 0.1690
EPOCH ::: 10
pi_loss: 0.4099
v_loss : 0.1682
开始与之前网络对抗。
新网络胜场不足，不保存，回退到上一次参数
对抗中新网络的胜场数目：21
对抗中新网络的胜率：0.525000
--------------------------------
--------------------------------
Iter  19:
经验池长度:  20
训练样本长度:919648
Checkpoint Directory exists! 
EPOCH ::: 1
pi_loss: 0.6830
v_loss : 0.2570
EPOCH ::: 2
pi_loss: 0.5307
v_loss : 0.2126
EPOCH ::: 3
pi_loss: 0.4689
v_loss : 0.1967
EPOCH ::: 4
pi_loss: 0.4463
v_loss : 0.1898
EPOCH ::: 5
pi_loss: 0.4343
v_loss : 0.1851
EPOCH ::: 6
pi_loss: 0.4262
v_loss : 0.1814
EPOCH ::: 7
pi_loss: 0.4192
v_loss : 0.1795
EPOCH ::: 8
pi_loss: 0.4149
v_loss : 0.1767
EPOCH ::: 9
pi_loss: 0.4100
v_loss : 0.1762
EPOCH ::: 10
pi_loss: 0.4053
v_loss : 0.1742
开始与之前网络对抗。
新网络胜场不足，不保存，回退到上一次参数
对抗中新网络的胜场数目：19
对抗中新网络的胜率：0.475000
--------------------------------
--------------------------------
Iter  20:
经验池长度:  20
训练样本长度:919664
Checkpoint Directory exists! 
EPOCH ::: 1
pi_loss: 0.7923
v_loss : 0.2954
EPOCH ::: 2
pi_loss: 0.5969
v_loss : 0.2305
EPOCH ::: 3
pi_loss: 0.5037
v_loss : 0.2081
EPOCH ::: 4
pi_loss: 0.4672
v_loss : 0.1979
EPOCH ::: 5
pi_loss: 0.4472
v_loss : 0.1921
EPOCH ::: 6
pi_loss: 0.4369
v_loss : 0.1875
EPOCH ::: 7
pi_loss: 0.4287
v_loss : 0.1854
EPOCH ::: 8
pi_loss: 0.4212
v_loss : 0.1822
EPOCH ::: 9
pi_loss: 0.4164
v_loss : 0.1801
EPOCH ::: 10
pi_loss: 0.4105
v_loss : 0.1786
开始与之前网络对抗。
新网络胜场不足，不保存，回退到上一次参数
对抗中新网络的胜场数目：18
对抗中新网络的胜率：0.450000
--------------------------------
--------------------------------
Iter  21:
经验池长度:  20
训练样本长度:919728
Checkpoint Directory exists! 
EPOCH ::: 1
pi_loss: 0.8983
v_loss : 0.3380
EPOCH ::: 2
pi_loss: 0.6691
v_loss : 0.2535
EPOCH ::: 3
pi_loss: 0.5445
v_loss : 0.2233
EPOCH ::: 4
pi_loss: 0.4905
v_loss : 0.2096
EPOCH ::: 5
pi_loss: 0.4650
v_loss : 0.2016
EPOCH ::: 6
pi_loss: 0.4501
v_loss : 0.1971
EPOCH ::: 7
pi_loss: 0.4393
v_loss : 0.1927
EPOCH ::: 8
pi_loss: 0.4313
v_loss : 0.1900
EPOCH ::: 9
pi_loss: 0.4245
v_loss : 0.1875
EPOCH ::: 10
pi_loss: 0.4166
v_loss : 0.1856
开始与之前网络对抗。
保存新网络
Checkpoint Directory exists! 
Checkpoint Directory exists! 
对抗中新网络的胜场数目：27
对抗中新网络的胜率：0.675000
--------------------------------
--------------------------------
Iter  22:
经验池长度:  20
训练样本长度:919856
Checkpoint Directory exists! 
EPOCH ::: 1
pi_loss: 0.5588
v_loss : 0.2291
EPOCH ::: 2
pi_loss: 0.4575
v_loss : 0.2046
EPOCH ::: 3
pi_loss: 0.4279
v_loss : 0.1959
EPOCH ::: 4
pi_loss: 0.4167
v_loss : 0.1901
EPOCH ::: 5
pi_loss: 0.4095
v_loss : 0.1869
EPOCH ::: 6
pi_loss: 0.4038
v_loss : 0.1842
EPOCH ::: 7
pi_loss: 0.3999
v_loss : 0.1822
EPOCH ::: 8
pi_loss: 0.3956
v_loss : 0.1799
EPOCH ::: 9
pi_loss: 0.3931
v_loss : 0.1790
EPOCH ::: 10
pi_loss: 0.3886
v_loss : 0.1775
开始与之前网络对抗。
新网络胜场不足，不保存，回退到上一次参数
对抗中新网络的胜场数目：22
对抗中新网络的胜率：0.550000
--------------------------------
--------------------------------
Iter  23:
经验池长度:  20
训练样本长度:919816
Checkpoint Directory exists! 
EPOCH ::: 1
pi_loss: 0.6814
v_loss : 0.2680
EPOCH ::: 2
pi_loss: 0.5216
v_loss : 0.2219
EPOCH ::: 3
pi_loss: 0.4591
v_loss : 0.2062
EPOCH ::: 4
pi_loss: 0.4367
v_loss : 0.1981
EPOCH ::: 5
pi_loss: 0.4243
v_loss : 0.1930
EPOCH ::: 6
pi_loss: 0.4160
v_loss : 0.1895
EPOCH ::: 7
pi_loss: 0.4104
v_loss : 0.1864
EPOCH ::: 8
pi_loss: 0.4052
v_loss : 0.1842
EPOCH ::: 9
pi_loss: 0.4011
v_loss : 0.1820
EPOCH ::: 10
pi_loss: 0.3967
v_loss : 0.1804
开始与之前网络对抗。
保存新网络
Checkpoint Directory exists! 
Checkpoint Directory exists! 
对抗中新网络的胜场数目：27
对抗中新网络的胜率：0.675000
--------------------------------
--------------------------------
Iter  24:
经验池长度:  20
训练样本长度:919848
Checkpoint Directory exists! 
EPOCH ::: 1
pi_loss: 0.5422
v_loss : 0.2206
EPOCH ::: 2
pi_loss: 0.4405
v_loss : 0.1974
EPOCH ::: 3
pi_loss: 0.4113
v_loss : 0.1889
EPOCH ::: 4
pi_loss: 0.4012
v_loss : 0.1839
EPOCH ::: 5
pi_loss: 0.3958
v_loss : 0.1806
EPOCH ::: 6
pi_loss: 0.3918
v_loss : 0.1784
EPOCH ::: 7
pi_loss: 0.3872
v_loss : 0.1772
EPOCH ::: 8
pi_loss: 0.3841
v_loss : 0.1757
EPOCH ::: 9
pi_loss: 0.3809
v_loss : 0.1741
EPOCH ::: 10
pi_loss: 0.3782
v_loss : 0.1729
开始与之前网络对抗。
新网络胜场不足，不保存，回退到上一次参数
对抗中新网络的胜场数目：21
对抗中新网络的胜率：0.525000
--------------------------------
--------------------------------
Iter  25:
经验池长度:  20
训练样本长度:920016
Checkpoint Directory exists! 
EPOCH ::: 1
pi_loss: 0.6655
v_loss : 0.2596
EPOCH ::: 2
pi_loss: 0.5052
v_loss : 0.2147
EPOCH ::: 3
pi_loss: 0.4423
v_loss : 0.1990
EPOCH ::: 4
pi_loss: 0.4226
v_loss : 0.1918
EPOCH ::: 5
pi_loss: 0.4107
v_loss : 0.1871
EPOCH ::: 6
pi_loss: 0.4043
v_loss : 0.1839
EPOCH ::: 7
pi_loss: 0.3987
v_loss : 0.1818
EPOCH ::: 8
pi_loss: 0.3939
v_loss : 0.1796
EPOCH ::: 9
pi_loss: 0.3897
v_loss : 0.1784
EPOCH ::: 10
pi_loss: 0.3874
v_loss : 0.1768
开始与之前网络对抗。
保存新网络
Checkpoint Directory exists! 
Checkpoint Directory exists! 
对抗中新网络的胜场数目：29
对抗中新网络的胜率：0.725000
--------------------------------
--------------------------------
Iter  26:
经验池长度:  20
训练样本长度:919960
Checkpoint Directory exists! 
EPOCH ::: 1
pi_loss: 0.5297
v_loss : 0.2199
EPOCH ::: 2
pi_loss: 0.4283
v_loss : 0.1947
EPOCH ::: 3
pi_loss: 0.4009
v_loss : 0.1858
EPOCH ::: 4
pi_loss: 0.3909
v_loss : 0.1818
EPOCH ::: 5
pi_loss: 0.3860
v_loss : 0.1783
EPOCH ::: 6
pi_loss: 0.3823
v_loss : 0.1764
EPOCH ::: 7
pi_loss: 0.3802
v_loss : 0.1745
EPOCH ::: 8
pi_loss: 0.3766
v_loss : 0.1732
EPOCH ::: 9
pi_loss: 0.3736
v_loss : 0.1723
EPOCH ::: 10
pi_loss: 0.3721
v_loss : 0.1713
开始与之前网络对抗。
新网络胜场不足，不保存，回退到上一次参数
对抗中新网络的胜场数目：20
对抗中新网络的胜率：0.500000
--------------------------------
--------------------------------
Iter  27:
经验池长度:  20
训练样本长度:920024
Checkpoint Directory exists! 
EPOCH ::: 1
pi_loss: 0.6493
v_loss : 0.2620
EPOCH ::: 2
pi_loss: 0.4902
v_loss : 0.2138
EPOCH ::: 3
pi_loss: 0.4302
v_loss : 0.1979
EPOCH ::: 4
pi_loss: 0.4105
v_loss : 0.1898
EPOCH ::: 5
pi_loss: 0.4006
v_loss : 0.1853
EPOCH ::: 6
pi_loss: 0.3946
v_loss : 0.1818
EPOCH ::: 7
pi_loss: 0.3894
v_loss : 0.1795
EPOCH ::: 8
pi_loss: 0.3857
v_loss : 0.1779
EPOCH ::: 9
pi_loss: 0.3815
v_loss : 0.1755
EPOCH ::: 10
pi_loss: 0.3788
v_loss : 0.1744
开始与之前网络对抗。
保存新网络
Checkpoint Directory exists! 
Checkpoint Directory exists! 
对抗中新网络的胜场数目：24
对抗中新网络的胜率：0.600000
--------------------------------
--------------------------------
Iter  28:
经验池长度:  20
训练样本长度:920056
Checkpoint Directory exists! 
EPOCH ::: 1
pi_loss: 0.5233
v_loss : 0.2143
EPOCH ::: 2
pi_loss: 0.4208
v_loss : 0.1925
EPOCH ::: 3
pi_loss: 0.3913
v_loss : 0.1841
EPOCH ::: 4
pi_loss: 0.3821
v_loss : 0.1792
EPOCH ::: 5
pi_loss: 0.3770
v_loss : 0.1771
EPOCH ::: 6
pi_loss: 0.3749
v_loss : 0.1744
EPOCH ::: 7
pi_loss: 0.3710
v_loss : 0.1733
EPOCH ::: 8
pi_loss: 0.3691
v_loss : 0.1719
EPOCH ::: 9
pi_loss: 0.3664
v_loss : 0.1709
EPOCH ::: 10
pi_loss: 0.3649
v_loss : 0.1699
开始与之前网络对抗。
新网络胜场不足，不保存，回退到上一次参数
对抗中新网络的胜场数目：19
对抗中新网络的胜率：0.475000
--------------------------------
--------------------------------
Iter  29:
经验池长度:  20
训练样本长度:920080
Checkpoint Directory exists! 
EPOCH ::: 1
pi_loss: 0.6447
v_loss : 0.2587
EPOCH ::: 2
pi_loss: 0.4831
v_loss : 0.2119
EPOCH ::: 3
pi_loss: 0.4197
v_loss : 0.1967
EPOCH ::: 4
pi_loss: 0.4001
v_loss : 0.1890
EPOCH ::: 5
pi_loss: 0.3905
v_loss : 0.1844
EPOCH ::: 6
pi_loss: 0.3848
v_loss : 0.1820
EPOCH ::: 7
pi_loss: 0.3807
v_loss : 0.1792
EPOCH ::: 8
pi_loss: 0.3767
v_loss : 0.1774
EPOCH ::: 9
pi_loss: 0.3735
v_loss : 0.1754
EPOCH ::: 10
pi_loss: 0.3703
v_loss : 0.1743
开始与之前网络对抗。
新网络胜场不足，不保存，回退到上一次参数
对抗中新网络的胜场数目：21
对抗中新网络的胜率：0.525000
--------------------------------
--------------------------------
Iter  30:
经验池长度:  20
训练样本长度:920544
Checkpoint Directory exists! 
EPOCH ::: 1
pi_loss: 0.7550
v_loss : 0.2949
EPOCH ::: 2
pi_loss: 0.5506
v_loss : 0.2288
EPOCH ::: 3
pi_loss: 0.4553
v_loss : 0.2068
EPOCH ::: 4
pi_loss: 0.4197
v_loss : 0.1971
EPOCH ::: 5
pi_loss: 0.4054
v_loss : 0.1913
EPOCH ::: 6
pi_loss: 0.3961
v_loss : 0.1880
EPOCH ::: 7
pi_loss: 0.3901
v_loss : 0.1843
EPOCH ::: 8
pi_loss: 0.3853
v_loss : 0.1824
EPOCH ::: 9
pi_loss: 0.3804
v_loss : 0.1800
EPOCH ::: 10
pi_loss: 0.3771
v_loss : 0.1788
开始与之前网络对抗。
保存新网络
Checkpoint Directory exists! 
Checkpoint Directory exists! 
对抗中新网络的胜场数目：24
对抗中新网络的胜率：0.600000
--------------------------------
--------------------------------
Iter  31:
经验池长度:  20
训练样本长度:920648
Checkpoint Directory exists! 
EPOCH ::: 1
pi_loss: 0.5199
v_loss : 0.2196
EPOCH ::: 2
pi_loss: 0.4171
v_loss : 0.1963
EPOCH ::: 3
pi_loss: 0.3883
v_loss : 0.1874
EPOCH ::: 4
pi_loss: 0.3796
v_loss : 0.1824
EPOCH ::: 5
pi_loss: 0.3755
v_loss : 0.1797
EPOCH ::: 6
pi_loss: 0.3709
v_loss : 0.1768
EPOCH ::: 7
pi_loss: 0.3679
v_loss : 0.1756
EPOCH ::: 8
pi_loss: 0.3661
v_loss : 0.1746
EPOCH ::: 9
pi_loss: 0.3635
v_loss : 0.1730
EPOCH ::: 10
pi_loss: 0.3614
v_loss : 0.1719
开始与之前网络对抗。
新网络胜场不足，不保存，回退到上一次参数
对抗中新网络的胜场数目：22
对抗中新网络的胜率：0.550000
--------------------------------
--------------------------------
Iter  32:
经验池长度:  20
训练样本长度:920568
Checkpoint Directory exists! 
EPOCH ::: 1
pi_loss: 0.6394
v_loss : 0.2626
EPOCH ::: 2
pi_loss: 0.4784
v_loss : 0.2145
EPOCH ::: 3
pi_loss: 0.4168
v_loss : 0.1986
EPOCH ::: 4
pi_loss: 0.3966
v_loss : 0.1909
EPOCH ::: 5
pi_loss: 0.3863
v_loss : 0.1860
EPOCH ::: 6
pi_loss: 0.3807
v_loss : 0.1822
EPOCH ::: 7
pi_loss: 0.3770
v_loss : 0.1799
EPOCH ::: 8
pi_loss: 0.3736
v_loss : 0.1778
EPOCH ::: 9
pi_loss: 0.3704
v_loss : 0.1769
EPOCH ::: 10
pi_loss: 0.3666
v_loss : 0.1753
开始与之前网络对抗。
保存新网络
Checkpoint Directory exists! 
Checkpoint Directory exists! 
对抗中新网络的胜场数目：29
对抗中新网络的胜率：0.725000
--------------------------------
--------------------------------
Iter  33:
经验池长度:  20
训练样本长度:920592
Checkpoint Directory exists! 
EPOCH ::: 1
pi_loss: 0.5114
v_loss : 0.2146
EPOCH ::: 2
pi_loss: 0.4077
v_loss : 0.1917
EPOCH ::: 3
pi_loss: 0.3796
v_loss : 0.1831
EPOCH ::: 4
pi_loss: 0.3715
v_loss : 0.1783
EPOCH ::: 5
pi_loss: 0.3670
v_loss : 0.1756
EPOCH ::: 6
pi_loss: 0.3635
v_loss : 0.1741
EPOCH ::: 7
pi_loss: 0.3607
v_loss : 0.1719
EPOCH ::: 8
pi_loss: 0.3591
v_loss : 0.1712
EPOCH ::: 9
pi_loss: 0.3565
v_loss : 0.1698
EPOCH ::: 10
pi_loss: 0.3553
v_loss : 0.1690
开始与之前网络对抗。
新网络胜场不足，不保存，回退到上一次参数
对抗中新网络的胜场数目：21
对抗中新网络的胜率：0.525000
--------------------------------
--------------------------------
Iter  34:
经验池长度:  20
训练样本长度:920552
Checkpoint Directory exists! 
EPOCH ::: 1
pi_loss: 0.6336
v_loss : 0.2595
EPOCH ::: 2
pi_loss: 0.4694
v_loss : 0.2121
EPOCH ::: 3
pi_loss: 0.4067
v_loss : 0.1963
EPOCH ::: 4
pi_loss: 0.3873
v_loss : 0.1885
EPOCH ::: 5
pi_loss: 0.3786
v_loss : 0.1834
EPOCH ::: 6
pi_loss: 0.3739
v_loss : 0.1800
EPOCH ::: 7
pi_loss: 0.3691
v_loss : 0.1784
EPOCH ::: 8
pi_loss: 0.3667
v_loss : 0.1762
EPOCH ::: 9
pi_loss: 0.3629
v_loss : 0.1749
EPOCH ::: 10
pi_loss: 0.3605
v_loss : 0.1734
开始与之前网络对抗。
保存新网络
Checkpoint Directory exists! 
Checkpoint Directory exists! 
对抗中新网络的胜场数目：24
对抗中新网络的胜率：0.600000
--------------------------------
--------------------------------
Iter  35:
经验池长度:  20
训练样本长度:920624
Checkpoint Directory exists! 
EPOCH ::: 1
pi_loss: 0.5034
v_loss : 0.2180
EPOCH ::: 2
pi_loss: 0.4011
v_loss : 0.1934
EPOCH ::: 3
pi_loss: 0.3717
v_loss : 0.1848
EPOCH ::: 4
pi_loss: 0.3642
v_loss : 0.1804
EPOCH ::: 5
pi_loss: 0.3601
v_loss : 0.1771
EPOCH ::: 6
pi_loss: 0.3576
v_loss : 0.1746
EPOCH ::: 7
pi_loss: 0.3553
v_loss : 0.1732
EPOCH ::: 8
pi_loss: 0.3534
v_loss : 0.1715
EPOCH ::: 9
pi_loss: 0.3508
v_loss : 0.1709
EPOCH ::: 10
pi_loss: 0.3489
v_loss : 0.1690
开始与之前网络对抗。
新网络胜场不足，不保存，回退到上一次参数
对抗中新网络的胜场数目：17
对抗中新网络的胜率：0.425000
--------------------------------
--------------------------------
Iter  36:
经验池长度:  20
训练样本长度:920784
Checkpoint Directory exists! 
EPOCH ::: 1
pi_loss: 0.6231
v_loss : 0.2568
EPOCH ::: 2
pi_loss: 0.4621
v_loss : 0.2108
EPOCH ::: 3
pi_loss: 0.4006
v_loss : 0.1955
EPOCH ::: 4
pi_loss: 0.3795
v_loss : 0.1881
EPOCH ::: 5
pi_loss: 0.3728
v_loss : 0.1833
EPOCH ::: 6
pi_loss: 0.3678
v_loss : 0.1804
EPOCH ::: 7
pi_loss: 0.3632
v_loss : 0.1784
EPOCH ::: 8
pi_loss: 0.3599
v_loss : 0.1765
EPOCH ::: 9
pi_loss: 0.3578
v_loss : 0.1749
EPOCH ::: 10
pi_loss: 0.3550
v_loss : 0.1736
开始与之前网络对抗。
新网络胜场不足，不保存，回退到上一次参数
对抗中新网络的胜场数目：20
对抗中新网络的胜率：0.500000
--------------------------------
--------------------------------
Iter  37:
经验池长度:  20
训练样本长度:920760
Checkpoint Directory exists! 
EPOCH ::: 1
pi_loss: 0.7291
v_loss : 0.2938
EPOCH ::: 2
pi_loss: 0.5262
v_loss : 0.2267
EPOCH ::: 3
pi_loss: 0.4315
v_loss : 0.2047
EPOCH ::: 4
pi_loss: 0.3992
v_loss : 0.1953
EPOCH ::: 5
pi_loss: 0.3857
v_loss : 0.1897
EPOCH ::: 6
pi_loss: 0.3772
v_loss : 0.1855
EPOCH ::: 7
pi_loss: 0.3729
v_loss : 0.1827
EPOCH ::: 8
pi_loss: 0.3681
v_loss : 0.1801
EPOCH ::: 9
pi_loss: 0.3650
v_loss : 0.1786
EPOCH ::: 10
pi_loss: 0.3622
v_loss : 0.1763
开始与之前网络对抗。
新网络胜场不足，不保存，回退到上一次参数
对抗中新网络的胜场数目：15
对抗中新网络的胜率：0.375000
--------------------------------
--------------------------------
Iter  38:
经验池长度:  20
训练样本长度:920752
Checkpoint Directory exists! 
EPOCH ::: 1
pi_loss: 0.8291
v_loss : 0.3316
EPOCH ::: 2
pi_loss: 0.5915
v_loss : 0.2452
EPOCH ::: 3
pi_loss: 0.4667
v_loss : 0.2165
EPOCH ::: 4
pi_loss: 0.4191
v_loss : 0.2033
EPOCH ::: 5
pi_loss: 0.3996
v_loss : 0.1961
EPOCH ::: 6
pi_loss: 0.3885
v_loss : 0.1915
EPOCH ::: 7
pi_loss: 0.3817
v_loss : 0.1875
EPOCH ::: 8
pi_loss: 0.3767
v_loss : 0.1849
EPOCH ::: 9
pi_loss: 0.3720
v_loss : 0.1821
EPOCH ::: 10
pi_loss: 0.3688
v_loss : 0.1802
开始与之前网络对抗。
保存新网络
Checkpoint Directory exists! 
Checkpoint Directory exists! 
对抗中新网络的胜场数目：25
对抗中新网络的胜率：0.625000
--------------------------------
--------------------------------
Iter  39:
经验池长度:  20
训练样本长度:920856
Checkpoint Directory exists! 
EPOCH ::: 1
pi_loss: 0.5079
v_loss : 0.2228
EPOCH ::: 2
pi_loss: 0.4063
v_loss : 0.1984
EPOCH ::: 3
pi_loss: 0.3784
v_loss : 0.1897
EPOCH ::: 4
pi_loss: 0.3685
v_loss : 0.1849
EPOCH ::: 5
pi_loss: 0.3643
v_loss : 0.1814
EPOCH ::: 6
pi_loss: 0.3615
v_loss : 0.1788
EPOCH ::: 7
pi_loss: 0.3586
v_loss : 0.1771
EPOCH ::: 8
pi_loss: 0.3557
v_loss : 0.1757
EPOCH ::: 9
pi_loss: 0.3541
v_loss : 0.1747
EPOCH ::: 10
pi_loss: 0.3515
v_loss : 0.1733
开始与之前网络对抗。
新网络胜场不足，不保存，回退到上一次参数
对抗中新网络的胜场数目：21
对抗中新网络的胜率：0.525000
--------------------------------
--------------------------------
Iter  40:
经验池长度:  20
训练样本长度:920896
Checkpoint Directory exists! 
EPOCH ::: 1
pi_loss: 0.6281
v_loss : 0.2663
EPOCH ::: 2
pi_loss: 0.4653
v_loss : 0.2188
EPOCH ::: 3
